<testsuites name="results">
  <testsuite name="all" package="all">
    <property name="random_seed" value="1753464642" />
    <testcase name="test_increment" classname="contador_universal_tb" file="/storage/nahueldb_storage/Programacion/fpga-examples/contador_universal/contador_universal_tb.py" lineno="22" time="0.0013451576232910156" sim_time_ns="10.001" ratio_time="7434.816431052818">
      <failure message="Test failed with RANDOM_SEED=1753464642" />
    </testcase>
    <testcase name="test_7seg_display" classname="contador_universal_tb" file="/storage/nahueldb_storage/Programacion/fpga-examples/contador_universal/contador_universal_tb.py" lineno="98" time="0.0008184909820556641" sim_time_ns="30.001000000000005" ratio_time="36654.038538887275">
      <failure message="Test failed with RANDOM_SEED=1753464642" />
    </testcase>
  </testsuite>
</testsuites>
